TN:
SF:src\app.ts
FN:20,(anonymous_12)
FN:31,(anonymous_13)
FN:37,(anonymous_14)
FN:41,(anonymous_15)
FN:45,(anonymous_16)
FN:54,(anonymous_18)
FNF:6
FNH:6
FNDA:1,(anonymous_12)
FNDA:1,(anonymous_13)
FNDA:1,(anonymous_14)
FNDA:1,(anonymous_15)
FNDA:1,(anonymous_16)
FNDA:1,(anonymous_18)
DA:2,1
DA:4,1
DA:5,1
DA:6,1
DA:9,1
DA:11,1
DA:12,1
DA:15,1
DA:21,1
DA:22,1
DA:23,1
DA:24,1
DA:25,1
DA:27,1
DA:28,1
DA:32,1
DA:33,1
DA:34,1
DA:38,1
DA:42,1
DA:46,1
DA:47,1
DA:48,1
DA:49,1
DA:50,1
DA:51,1
DA:55,1
LF:27
LH:27
BRF:0
BRH:0
end_of_record
TN:
SF:src\index.ts
FN:18,(anonymous_7)
FN:29,main
FNF:2
FNH:2
FNDA:1,(anonymous_7)
FNDA:1,main
DA:1,1
DA:2,1
DA:3,1
DA:4,1
DA:5,1
DA:6,1
DA:11,1
DA:13,1
DA:14,1
DA:15,1
DA:18,1
DA:19,1
DA:20,1
DA:21,1
DA:22,1
DA:23,1
DA:24,1
DA:25,1
DA:26,1
DA:30,1
DA:31,1
DA:32,1
DA:33,1
DA:34,1
DA:37,1
LF:25
LH:25
BRF:0
BRH:0
end_of_record
TN:
SF:src\common\auth.guard.middleware.ts
FN:5,(anonymous_0)
FNF:1
FNH:1
FNDA:2,(anonymous_0)
DA:4,1
DA:6,2
DA:7,1
DA:9,1
LF:4
LH:4
BRDA:6,0,0,1
BRF:1
BRH:1
end_of_record
TN:
SF:src\common\auth.middleware.ts
FN:6,(anonymous_0)
FN:7,(anonymous_1)
FN:9,(anonymous_2)
FNF:3
FNH:3
FNDA:1,(anonymous_0)
FNDA:6,(anonymous_1)
FNDA:1,(anonymous_2)
DA:3,1
DA:5,1
DA:6,1
DA:8,6
DA:9,1
DA:10,1
DA:11,0
DA:12,1
DA:13,1
DA:14,1
DA:15,1
DA:20,5
LF:12
LH:11
BRDA:8,0,0,1
BRDA:8,0,1,5
BRDA:10,1,0,0
BRDA:10,1,1,1
BRDA:12,2,0,1
BRDA:13,3,0,1
BRF:6
BRH:5
end_of_record
TN:
SF:src\common\base.controller.ts
FN:8,(anonymous_0)
FN:12,(anonymous_1)
FN:16,(anonymous_2)
FN:21,(anonymous_3)
FN:25,(anonymous_4)
FN:28,(anonymous_5)
FNF:6
FNH:6
FNDA:1,(anonymous_0)
FNDA:4,(anonymous_1)
FNDA:3,(anonymous_2)
FNDA:3,(anonymous_3)
FNDA:1,(anonymous_4)
FNDA:3,(anonymous_5)
DA:1,1
DA:5,1
DA:8,1
DA:9,1
DA:13,4
DA:17,3
DA:18,3
DA:22,3
DA:26,1
DA:27,3
DA:28,3
DA:29,3
DA:30,3
DA:31,3
LF:14
LH:14
BRDA:28,0,0,0
BRDA:28,0,1,3
BRDA:28,1,0,3
BRDA:28,1,1,3
BRDA:30,2,0,3
BRDA:30,2,1,0
BRF:6
BRH:4
end_of_record
TN:
SF:src\common\validate.middleware.ts
FN:7,(anonymous_0)
FN:9,(anonymous_1)
FN:11,(anonymous_2)
FNF:3
FNH:3
FNDA:2,(anonymous_0)
FNDA:4,(anonymous_1)
FNDA:4,(anonymous_2)
DA:1,1
DA:4,1
DA:6,1
DA:7,2
DA:9,2
DA:10,4
DA:11,4
DA:12,4
DA:13,0
DA:15,4
LF:10
LH:9
BRDA:12,0,0,0
BRDA:12,0,1,4
BRF:2
BRH:1
end_of_record
TN:
SF:src\config\config.service.ts
FN:9,(anonymous_4)
FN:19,(anonymous_5)
FNF:2
FNH:2
FNDA:1,(anonymous_4)
FNDA:4,(anonymous_5)
DA:1,1
DA:3,1
DA:4,1
DA:7,1
DA:9,1
DA:10,1
DA:11,1
DA:12,0
DA:14,1
DA:15,1
DA:20,4
LF:11
LH:10
BRDA:11,0,0,0
BRDA:11,0,1,1
BRF:2
BRH:1
end_of_record
TN:
SF:src\database\prisma.service.ts
FN:10,(anonymous_11)
FN:14,(anonymous_12)
FN:25,(anonymous_14)
FNF:3
FNH:2
FNDA:1,(anonymous_11)
FNDA:1,(anonymous_12)
FNDA:0,(anonymous_14)
DA:1,1
DA:2,1
DA:3,1
DA:7,1
DA:10,1
DA:11,1
DA:15,1
DA:16,1
DA:17,1
DA:19,0
DA:20,0
DA:26,0
LF:12
LH:9
BRDA:19,0,0,0
BRF:1
BRH:0
end_of_record
TN:
SF:src\errors\exception.filter.ts
FN:11,(anonymous_4)
FN:13,(anonymous_5)
FNF:2
FNH:2
FNDA:1,(anonymous_4)
FNDA:2,(anonymous_5)
DA:2,1
DA:5,1
DA:6,1
DA:7,1
DA:10,1
DA:11,1
DA:14,2
DA:15,2
DA:16,2
DA:18,0
DA:19,0
LF:11
LH:9
BRDA:14,0,0,2
BRDA:14,0,1,0
BRF:2
BRH:1
end_of_record
TN:
SF:src\errors\http-error.class.ts
FN:7,(anonymous_0)
FNF:1
FNH:1
FNDA:2,(anonymous_0)
DA:3,1
DA:8,2
DA:9,2
DA:10,2
DA:11,2
LF:5
LH:5
BRF:0
BRH:0
end_of_record
TN:
SF:src\logger\logger.service.ts
FN:7,(anonymous_0)
FN:11,(anonymous_1)
FN:15,(anonymous_2)
FN:19,(anonymous_3)
FNF:4
FNH:3
FNDA:1,(anonymous_0)
FNDA:6,(anonymous_1)
FNDA:2,(anonymous_2)
FNDA:0,(anonymous_3)
DA:1,1
DA:4,1
DA:8,1
DA:12,6
DA:16,2
DA:20,0
LF:6
LH:5
BRF:0
BRH:0
end_of_record
TN:
SF:src\types\types.ts
FNF:0
FNH:0
DA:1,1
LF:1
LH:1
BRF:0
BRH:0
end_of_record
TN:
SF:src\users\repository.ts
FN:9,(anonymous_11)
FN:11,(anonymous_12)
FN:11,(anonymous_13)
FN:15,(anonymous_14)
FNF:4
FNH:2
FNDA:2,(anonymous_11)
FNDA:0,(anonymous_12)
FNDA:0,(anonymous_13)
FNDA:5,(anonymous_14)
DA:1,1
DA:3,1
DA:4,1
DA:8,1
DA:9,2
DA:11,0
DA:12,0
DA:16,5
LF:8
LH:6
BRF:0
BRH:0
end_of_record
TN:
SF:src\users\user.entity.ts
FN:5,(anonymous_7)
FN:15,(anonymous_8)
FN:19,(anonymous_9)
FN:23,(anonymous_10)
FN:27,(anonymous_11)
FN:31,(anonymous_13)
FNF:6
FNH:3
FNDA:4,(anonymous_7)
FNDA:0,(anonymous_8)
FNDA:0,(anonymous_9)
FNDA:0,(anonymous_10)
FNDA:1,(anonymous_11)
FNDA:3,(anonymous_13)
DA:1,1
DA:3,1
DA:6,4
DA:7,4
DA:10,4
DA:11,3
DA:16,0
DA:20,0
DA:24,0
DA:28,1
DA:32,3
DA:33,3
LF:12
LH:9
BRDA:10,0,0,3
BRF:1
BRH:1
end_of_record
TN:
SF:src\users\users.controller.ts
FN:20,(anonymous_11)
FN:49,(anonymous_12)
FN:49,(anonymous_13)
FN:59,(anonymous_14)
FN:59,(anonymous_15)
FN:67,(anonymous_16)
FN:67,(anonymous_17)
FN:74,(anonymous_18)
FN:76,(anonymous_19)
FN:84,(anonymous_20)
FNF:10
FNH:10
FNDA:1,(anonymous_11)
FNDA:3,(anonymous_12)
FNDA:3,(anonymous_13)
FNDA:1,(anonymous_14)
FNDA:1,(anonymous_15)
FNDA:1,(anonymous_16)
FNDA:1,(anonymous_17)
FNDA:2,(anonymous_18)
FNDA:2,(anonymous_19)
FNDA:2,(anonymous_20)
DA:2,1
DA:3,1
DA:5,1
DA:6,1
DA:7,1
DA:9,1
DA:10,1
DA:12,1
DA:13,1
DA:16,1
DA:19,1
DA:21,1
DA:22,1
DA:23,1
DA:24,1
DA:26,1
DA:27,1
DA:49,3
DA:50,3
DA:51,3
DA:52,2
DA:53,2
DA:55,1
DA:59,1
DA:60,1
DA:61,1
DA:62,1
DA:64,0
DA:67,1
DA:68,1
DA:69,1
DA:70,1
DA:75,2
DA:76,2
DA:77,2
DA:85,2
DA:86,0
DA:88,2
LF:38
LH:36
BRDA:51,0,0,2
BRDA:51,0,1,1
BRDA:61,1,0,1
BRDA:69,2,0,1
BRDA:85,3,0,0
BRF:5
BRH:4
end_of_record
TN:
SF:src\users\users.service.ts
FN:12,(anonymous_11)
FN:17,(anonymous_12)
FN:17,(anonymous_13)
FN:29,(anonymous_14)
FN:29,(anonymous_15)
FN:38,(anonymous_16)
FNF:6
FNH:6
FNDA:1,(anonymous_11)
FNDA:1,(anonymous_12)
FNDA:1,(anonymous_13)
FNDA:3,(anonymous_14)
FNDA:3,(anonymous_15)
FNDA:1,(anonymous_16)
DA:1,1
DA:4,1
DA:6,1
DA:11,1
DA:13,1
DA:14,1
DA:17,1
DA:18,1
DA:19,1
DA:20,1
DA:21,1
DA:22,1
DA:23,1
DA:25,0
DA:29,3
DA:30,3
DA:31,3
DA:32,0
DA:34,3
DA:35,3
DA:39,1
DA:40,1
LF:22
LH:20
BRDA:22,0,0,1
BRDA:22,0,1,0
BRDA:31,1,0,0
BRF:3
BRH:1
end_of_record
TN:
SF:src\users\dto\user.login.dto.ts
FNF:0
FNH:0
DA:1,1
DA:3,1
DA:5,1
DA:7,1
LF:4
LH:4
BRF:0
BRH:0
end_of_record
TN:
SF:src\users\dto\user.register.dto.ts
FNF:0
FNH:0
DA:1,1
DA:3,1
DA:5,1
DA:7,1
DA:9,1
LF:5
LH:5
BRF:0
BRH:0
end_of_record
